app/build/outputs/logs/manifest-merger-debug-report.txt
-- Merging decision tree log ---
manifest
ADDED from src/main/AndroidManifest.xml:2:1-78:12
	xmlns:android
		ADDED from src/main/AndroidManifest.xml:2:11-69
	package
		ADDED from src/main/AndroidManifest.xml:3:5-68
		INJECTED from src/main/AndroidManifest.xml
		INJECTED from src/main/AndroidManifest.xml
	android:versionName
		ADDED from src/main/AndroidManifest.xml:5:5-30
		INJECTED from src/main/AndroidManifest.xml
		INJECTED from src/main/AndroidManifest.xml
	android:versionCode
		ADDED from src/main/AndroidManifest.xml:4:5-28
		INJECTED from src/main/AndroidManifest.xml
		INJECTED from src/main/AndroidManifest.xml
uses-sdk
ADDED from src/main/AndroidManifest.xml:7:5-9:41
	android:targetSdkVersion
		ADDED from src/main/AndroidManifest.xml:9:9-38
		INJECTED from src/main/AndroidManifest.xml
		INJECTED from src/main/AndroidManifest.xml
	android:minSdkVersion
		ADDED from src/main/AndroidManifest.xml:8:9-35
		INJECTED from src/main/AndroidManifest.xml
		INJECTED from src/main/AndroidManifest.xml
uses-permission#android.permission.READ_CONTACTS
ADDED from src/main/AndroidManifest.xml:17:5-72
	android:name
		ADDED from src/main/AndroidManifest.xml:17:22-69
uses-permission#android.permission.WRITE_CONTACTS
ADDED from src/main/AndroidManifest.xml:18:5-73
	android:name
		ADDED from src/main/AndroidManifest.xml:18:22-70
uses-permission#android.permission.SEND_SMS
ADDED from src/main/AndroidManifest.xml:21:5-67
	android:name
		ADDED from src/main/AndroidManifest.xml:21:22-64
uses-permission#android.permission.RECEIVE_SMS
ADDED from src/main/AndroidManifest.xml:22:5-70
	android:name
		ADDED from src/main/AndroidManifest.xml:22:22-67
uses-permission#android.permission.CALL_PHONE
ADDED from src/main/AndroidManifest.xml:23:5-69
	android:name
		ADDED from src/main/AndroidManifest.xml:23:22-66
uses-permission#android.permission.READ_PHONE_STATE
ADDED from src/main/AndroidManifest.xml:24:5-75
	android:name
		ADDED from src/main/AndroidManifest.xml:24:22-72
uses-permission#android.permission.WRITE_EXTERNAL_STORAGE
ADDED from src/main/AndroidManifest.xml:27:5-80
	android:name
		ADDED from src/main/AndroidManifest.xml:27:22-78
uses-permission#org.dieschnittstelle.mobile.android.permission.READ_DATAITEMS
ADDED from src/main/AndroidManifest.xml:30:5-101
	android:name
		ADDED from src/main/AndroidManifest.xml:30:22-98
uses-permission#org.dieschnittstelle.mobile.android.permission.WRITE_DATAITEMS
ADDED from src/main/AndroidManifest.xml:31:5-102
	android:name
		ADDED from src/main/AndroidManifest.xml:31:22-99
application
ADDED from src/main/AndroidManifest.xml:33:5-76:19
	android:label
		ADDED from src/main/AndroidManifest.xml:35:9-41
	android:icon
		ADDED from src/main/AndroidManifest.xml:34:9-45
	android:theme
		ADDED from src/main/AndroidManifest.xml:36:9-40
activity#org.dieschnittstelle.mobile.android.environmentaccess.EnvironmentAccessActivity
ADDED from src/main/AndroidManifest.xml:37:9-45:20
	android:label
		ADDED from src/main/AndroidManifest.xml:39:13-46
	android:name
		ADDED from src/main/AndroidManifest.xml:38:13-54
intent-filter#android.intent.action.MAIN+android.intent.category.LAUNCHER
ADDED from src/main/AndroidManifest.xml:40:13-44:29
action#android.intent.action.MAIN
ADDED from src/main/AndroidManifest.xml:41:17-69
	android:name
		ADDED from src/main/AndroidManifest.xml:41:25-66
category#android.intent.category.LAUNCHER
ADDED from src/main/AndroidManifest.xml:43:17-77
	android:name
		ADDED from src/main/AndroidManifest.xml:43:27-74
activity#org.dieschnittstelle.mobile.android.environmentaccess.mycontentprovider.ContentProviderDataItemOverviewActivity
ADDED from src/main/AndroidManifest.xml:47:9-50:20
	android:label
		ADDED from src/main/AndroidManifest.xml:49:13-52
	android:name
		ADDED from src/main/AndroidManifest.xml:48:13-86
activity#org.dieschnittstelle.mobile.android.environmentaccess.contacts.ContactOverviewActivity
ADDED from src/main/AndroidManifest.xml:51:9-54:20
	android:label
		ADDED from src/main/AndroidManifest.xml:53:13-37
	android:name
		ADDED from src/main/AndroidManifest.xml:52:13-61
activity#org.dieschnittstelle.mobile.android.environmentaccess.camera.CameraActivity
ADDED from src/main/AndroidManifest.xml:55:9-58:20
	android:label
		ADDED from src/main/AndroidManifest.xml:57:13-35
	android:name
		ADDED from src/main/AndroidManifest.xml:56:13-50
activity#org.dieschnittstelle.mobile.android.environmentaccess.contacts.ContactDetailsViewActivity
ADDED from src/main/AndroidManifest.xml:59:9-62:20
	android:label
		ADDED from src/main/AndroidManifest.xml:61:13-43
	android:name
		ADDED from src/main/AndroidManifest.xml:60:13-117
activity#org.dieschnittstelle.mobile.android.environmentaccess.communication.CommunicationActivity
ADDED from src/main/AndroidManifest.xml:63:9-66:20
	android:label
		ADDED from src/main/AndroidManifest.xml:65:13-42
	android:name
		ADDED from src/main/AndroidManifest.xml:64:13-117
receiver#org.dieschnittstelle.mobile.android.environmentaccess.SMSInboundBroadcastReceiver
ADDED from src/main/AndroidManifest.xml:69:3-75:20
	android:name
		ADDED from src/main/AndroidManifest.xml:69:13-56
intent-filter#android.intent.category.DEFAULT+android.provider.Telephony.SMS_RECEIVED
ADDED from src/main/AndroidManifest.xml:70:13-74:29
action#android.provider.Telephony.SMS_RECEIVED
ADDED from src/main/AndroidManifest.xml:71:17-82
	android:name
		ADDED from src/main/AndroidManifest.xml:71:25-79
category#android.intent.category.DEFAULT
ADDED from src/main/AndroidManifest.xml:73:17-76
	android:name
		ADDED from src/main/AndroidManifest.xml:73:27-73